<?xml version="1.0" encoding="UTF-8" ?>
<testsuite tests="17" failures="17" name="com.training.epam.ticketservice.at.TestExecutor" time="2.961" errors="0" skipped="0">
  <properties>
    <property name="java.runtime.name" value="OpenJDK Runtime Environment"/>
    <property name="java.vm.version" value="17.0.2+8-86"/>
    <property name="sun.boot.library.path" value="C:\Users\olahb\.sdkman\candidates\java\17.0.2-open\bin"/>
    <property name="maven.multiModuleProjectDirectory" value="C:\Users\olahb\Desktop\Egyetem\5.félév\java\saját fork\epam-deik-java-dev\final"/>
    <property name="java.vm.vendor" value="Oracle Corporation"/>
    <property name="java.vendor.url" value="https://java.oracle.com/"/>
    <property name="guice.disable.misplaced.annotation.check" value="true"/>
    <property name="path.separator" value=";"/>
    <property name="java.vm.name" value="OpenJDK 64-Bit Server VM"/>
    <property name="sun.os.patch.level" value=""/>
    <property name="user.script" value=""/>
    <property name="user.country" value="US"/>
    <property name="sun.java.launcher" value="SUN_STANDARD"/>
    <property name="java.vm.specification.name" value="Java Virtual Machine Specification"/>
    <property name="user.dir" value="C:\Users\olahb\Desktop\Egyetem\5.félév\java\saját fork\epam-deik-java-dev\final"/>
    <property name="java.vm.compressedOopsMode" value="32-bit"/>
    <property name="java.runtime.version" value="17.0.2+8-86"/>
    <property name="os.arch" value="amd64"/>
    <property name="java.io.tmpdir" value="C:\Users\olahb\AppData\Local\Temp\"/>
    <property name="line.separator" value="
"/>
    <property name="java.vm.specification.vendor" value="Oracle Corporation"/>
    <property name="user.variant" value=""/>
    <property name="os.name" value="Windows 10"/>
    <property name="classworlds.conf" value="C:\Program Files\apache-maven-3.8.5-bin\apache-maven-3.8.5\bin\m2.conf"/>
    <property name="sun.jnu.encoding" value="Cp1252"/>
    <property name="java.library.path" value="C:\Users\olahb\.sdkman\candidates\java\17.0.2-open\bin;C:\WINDOWS\Sun\Java\bin;C:\WINDOWS\system32;C:\WINDOWS;C:\Users\olahb\.sdkman\candidates\java\17.0.2-open\bin;C:\Program Files (x86)\Common Files\Oracle\Java\javapath;C:\Windows\system32;C:\Windows;C:\Windows\System32\Wbem;C:\Windows\System32\WindowsPowerShell\v1.0\;C:\Windows\System32\OpenSSH\;C:\Program Files\NVIDIA Corporation\NVIDIA NvDLISR;C:\WINDOWS\system32;C:\WINDOWS;C:\WINDOWS\System32\Wbem;C:\WINDOWS\System32\WindowsPowerShell\v1.0\;C:\WINDOWS\System32\OpenSSH\;C:\Program Files\Microsoft SQL Server\130\Tools\Binn\;C:\Program Files\Microsoft SQL Server\Client SDK\ODBC\170\Tools\Binn\;C:\Users\olahb\Downloads\yes\bin;C:\Program Files (x86)\NVIDIA Corporation\PhysX\Common;C:\Program Files\dotnet\;C:\Program Files\MATLAB\R2021a\bin;C:\Program Files\nodejs\;C:\Program Files (x86)\QuickTime\QTSystem\;C:\Program Files\GitHub CLI\;C:\Program Files\AdoptOpenJDK\jdk-11.0.11.9-hotspot\bin;C:\Program Files\apache-maven-3.8.5-bin\apache-maven-3.8.5\bin;C:\Program Files\Git\cmd;C:\Program Files\PuTTY\;C:\Program Files\opencv\build\x64\vc15\bin\;C:\Users\olahb\AppData\Local\Microsoft\WindowsApps;C:\Users\olahb\AppData\Local\Programs\Microsoft VS Code\bin;C:\Users\olahb\.dotnet\tools;C:\Program Files\JetBrains\IntelliJ IDEA Community Edition 2021.2.1\bin;;C:\Users\olahb\AppData\Local\GitHubDesktop\bin;C:\Users\olahb\AppData\Local\Pandoc\;C:\Users\olahb\AppData\Roaming\npm;."/>
    <property name="maven.conf" value="C:\Program Files\apache-maven-3.8.5-bin\apache-maven-3.8.5/conf"/>
    <property name="jdk.debug" value="release"/>
    <property name="java.class.version" value="61.0"/>
    <property name="java.specification.name" value="Java Platform API Specification"/>
    <property name="sun.management.compiler" value="HotSpot 64-Bit Tiered Compilers"/>
    <property name="os.version" value="10.0"/>
    <property name="library.jansi.path" value="C:\Program Files\apache-maven-3.8.5-bin\apache-maven-3.8.5\lib\jansi-native"/>
    <property name="user.home" value="C:\Users\olahb"/>
    <property name="user.timezone" value="Europe/Budapest"/>
    <property name="file.encoding" value="Cp1252"/>
    <property name="java.specification.version" value="17"/>
    <property name="user.name" value="olahb"/>
    <property name="java.class.path" value="C:\Program Files\apache-maven-3.8.5-bin\apache-maven-3.8.5\boot\plexus-classworlds-2.6.0.jar"/>
    <property name="java.vm.specification.version" value="17"/>
    <property name="sun.arch.data.model" value="64"/>
    <property name="sun.java.command" value="org.codehaus.plexus.classworlds.launcher.Launcher clean verify -P requirements-grade3"/>
    <property name="java.home" value="C:\Users\olahb\.sdkman\candidates\java\17.0.2-open"/>
    <property name="user.language" value="en"/>
    <property name="java.specification.vendor" value="Oracle Corporation"/>
    <property name="java.vm.info" value="mixed mode, sharing"/>
    <property name="java.version" value="17.0.2"/>
    <property name="native.encoding" value="Cp1252"/>
    <property name="java.vendor" value="Oracle Corporation"/>
    <property name="sun.stderr.encoding" value="cp437"/>
    <property name="maven.home" value="C:\Program Files\apache-maven-3.8.5-bin\apache-maven-3.8.5"/>
    <property name="file.separator" value="\"/>
    <property name="java.version.date" value="2022-01-18"/>
    <property name="java.vendor.url.bug" value="https://bugreport.java.com/bugreport/"/>
    <property name="sun.io.unicode.encoding" value="UnicodeLittle"/>
    <property name="sun.cpu.endian" value="little"/>
    <property name="sun.stdout.encoding" value="cp437"/>
    <property name="sun.cpu.isalist" value="amd64"/>
  </properties>
  <testcase classname="allow creating accounts and logging in" name="the admin account exists by default and can be logged in with the correct password" time="0.321">
    <failure message="The service is not running." type="java.lang.AssertionError">java.lang.AssertionError: The service is not running.
	at com.training.epam.ticketservice.at.ProcessUnderTest.verifyProcessIsRunning(ProcessUnderTest.java:92)
	at com.training.epam.ticketservice.at.ProcessUnderTest.run(ProcessUnderTest.java:37)
	at com.training.epam.ticketservice.at.GenericCliProcessStepDefs.applicationStarted(GenericCliProcessStepDefs.java:27)
	at ✽.the application is started(file:///C:/Users/olahb/Desktop/Egyetem/5.félév/java/saját%20fork/epam-deik-java-dev/final/ticket-service-acceptance-tests/src/test/resources/features/accounts.feature:4)
</failure>
  </testcase>
  <testcase classname="allow creating accounts and logging in" name="the admin account can be signed out" time="0.161">
    <failure message="The service is not running." type="java.lang.AssertionError">java.lang.AssertionError: The service is not running.
	at com.training.epam.ticketservice.at.ProcessUnderTest.verifyProcessIsRunning(ProcessUnderTest.java:92)
	at com.training.epam.ticketservice.at.ProcessUnderTest.run(ProcessUnderTest.java:37)
	at com.training.epam.ticketservice.at.GenericCliProcessStepDefs.applicationStarted(GenericCliProcessStepDefs.java:27)
	at ✽.the application is started(file:///C:/Users/olahb/Desktop/Egyetem/5.félév/java/saját%20fork/epam-deik-java-dev/final/ticket-service-acceptance-tests/src/test/resources/features/accounts.feature:4)
</failure>
  </testcase>
  <testcase classname="allow creating accounts and logging in" name="the admin account can not be logged in with incorrect password" time="0.17">
    <failure message="The service is not running." type="java.lang.AssertionError">java.lang.AssertionError: The service is not running.
	at com.training.epam.ticketservice.at.ProcessUnderTest.verifyProcessIsRunning(ProcessUnderTest.java:92)
	at com.training.epam.ticketservice.at.ProcessUnderTest.run(ProcessUnderTest.java:37)
	at com.training.epam.ticketservice.at.GenericCliProcessStepDefs.applicationStarted(GenericCliProcessStepDefs.java:27)
	at ✽.the application is started(file:///C:/Users/olahb/Desktop/Egyetem/5.félév/java/saját%20fork/epam-deik-java-dev/final/ticket-service-acceptance-tests/src/test/resources/features/accounts.feature:4)
</failure>
  </testcase>
  <testcase classname="allows creating movie descriptions" name="an admin user can create and list movies" time="0.157">
    <failure message="The service is not running." type="java.lang.AssertionError">java.lang.AssertionError: The service is not running.
	at com.training.epam.ticketservice.at.ProcessUnderTest.verifyProcessIsRunning(ProcessUnderTest.java:92)
	at com.training.epam.ticketservice.at.ProcessUnderTest.run(ProcessUnderTest.java:37)
	at com.training.epam.ticketservice.at.GenericCliProcessStepDefs.applicationStarted(GenericCliProcessStepDefs.java:27)
	at ✽.the application is started(file:///C:/Users/olahb/Desktop/Egyetem/5.félév/java/saját%20fork/epam-deik-java-dev/final/ticket-service-acceptance-tests/src/test/resources/features/movies.feature:3)
</failure>
  </testcase>
  <testcase classname="allows creating movie descriptions" name="an admin user can update a movie" time="0.17">
    <failure message="The service is not running." type="java.lang.AssertionError">java.lang.AssertionError: The service is not running.
	at com.training.epam.ticketservice.at.ProcessUnderTest.verifyProcessIsRunning(ProcessUnderTest.java:92)
	at com.training.epam.ticketservice.at.ProcessUnderTest.run(ProcessUnderTest.java:37)
	at com.training.epam.ticketservice.at.GenericCliProcessStepDefs.applicationStarted(GenericCliProcessStepDefs.java:27)
	at ✽.the application is started(file:///C:/Users/olahb/Desktop/Egyetem/5.félév/java/saját%20fork/epam-deik-java-dev/final/ticket-service-acceptance-tests/src/test/resources/features/movies.feature:3)
</failure>
  </testcase>
  <testcase classname="allows creating movie descriptions" name="an admin user can delete a movie" time="0.171">
    <failure message="The service is not running." type="java.lang.AssertionError">java.lang.AssertionError: The service is not running.
	at com.training.epam.ticketservice.at.ProcessUnderTest.verifyProcessIsRunning(ProcessUnderTest.java:92)
	at com.training.epam.ticketservice.at.ProcessUnderTest.run(ProcessUnderTest.java:37)
	at com.training.epam.ticketservice.at.GenericCliProcessStepDefs.applicationStarted(GenericCliProcessStepDefs.java:27)
	at ✽.the application is started(file:///C:/Users/olahb/Desktop/Egyetem/5.félév/java/saját%20fork/epam-deik-java-dev/final/ticket-service-acceptance-tests/src/test/resources/features/movies.feature:3)
</failure>
  </testcase>
  <testcase classname="allows creating movie descriptions" name="an unauthenticated user can list movies" time="0.158">
    <failure message="The service is not running." type="java.lang.AssertionError">java.lang.AssertionError: The service is not running.
	at com.training.epam.ticketservice.at.ProcessUnderTest.verifyProcessIsRunning(ProcessUnderTest.java:92)
	at com.training.epam.ticketservice.at.ProcessUnderTest.run(ProcessUnderTest.java:37)
	at com.training.epam.ticketservice.at.GenericCliProcessStepDefs.applicationStarted(GenericCliProcessStepDefs.java:27)
	at ✽.the application is started(file:///C:/Users/olahb/Desktop/Egyetem/5.félév/java/saját%20fork/epam-deik-java-dev/final/ticket-service-acceptance-tests/src/test/resources/features/movies.feature:3)
</failure>
  </testcase>
  <testcase classname="allow creating, reading, updating and deleting rooms where the screenings will happen" name="an admin user can create and list rooms" time="0.169">
    <failure message="The service is not running." type="java.lang.AssertionError">java.lang.AssertionError: The service is not running.
	at com.training.epam.ticketservice.at.ProcessUnderTest.verifyProcessIsRunning(ProcessUnderTest.java:92)
	at com.training.epam.ticketservice.at.ProcessUnderTest.run(ProcessUnderTest.java:37)
	at com.training.epam.ticketservice.at.GenericCliProcessStepDefs.applicationStarted(GenericCliProcessStepDefs.java:27)
	at ✽.the application is started(file:///C:/Users/olahb/Desktop/Egyetem/5.félév/java/saját%20fork/epam-deik-java-dev/final/ticket-service-acceptance-tests/src/test/resources/features/rooms.feature:4)
</failure>
  </testcase>
  <testcase classname="allow creating, reading, updating and deleting rooms where the screenings will happen" name="an admin user can update a room" time="0.16">
    <failure message="The service is not running." type="java.lang.AssertionError">java.lang.AssertionError: The service is not running.
	at com.training.epam.ticketservice.at.ProcessUnderTest.verifyProcessIsRunning(ProcessUnderTest.java:92)
	at com.training.epam.ticketservice.at.ProcessUnderTest.run(ProcessUnderTest.java:37)
	at com.training.epam.ticketservice.at.GenericCliProcessStepDefs.applicationStarted(GenericCliProcessStepDefs.java:27)
	at ✽.the application is started(file:///C:/Users/olahb/Desktop/Egyetem/5.félév/java/saját%20fork/epam-deik-java-dev/final/ticket-service-acceptance-tests/src/test/resources/features/rooms.feature:4)
</failure>
  </testcase>
  <testcase classname="allow creating, reading, updating and deleting rooms where the screenings will happen" name="an admin user can delete a room" time="0.171">
    <failure message="The service is not running." type="java.lang.AssertionError">java.lang.AssertionError: The service is not running.
	at com.training.epam.ticketservice.at.ProcessUnderTest.verifyProcessIsRunning(ProcessUnderTest.java:92)
	at com.training.epam.ticketservice.at.ProcessUnderTest.run(ProcessUnderTest.java:37)
	at com.training.epam.ticketservice.at.GenericCliProcessStepDefs.applicationStarted(GenericCliProcessStepDefs.java:27)
	at ✽.the application is started(file:///C:/Users/olahb/Desktop/Egyetem/5.félév/java/saját%20fork/epam-deik-java-dev/final/ticket-service-acceptance-tests/src/test/resources/features/rooms.feature:4)
</failure>
  </testcase>
  <testcase classname="allow creating, reading, updating and deleting rooms where the screenings will happen" name="an unauthenticated user can list rooms" time="0.157">
    <failure message="The service is not running." type="java.lang.AssertionError">java.lang.AssertionError: The service is not running.
	at com.training.epam.ticketservice.at.ProcessUnderTest.verifyProcessIsRunning(ProcessUnderTest.java:92)
	at com.training.epam.ticketservice.at.ProcessUnderTest.run(ProcessUnderTest.java:37)
	at com.training.epam.ticketservice.at.GenericCliProcessStepDefs.applicationStarted(GenericCliProcessStepDefs.java:27)
	at ✽.the application is started(file:///C:/Users/olahb/Desktop/Egyetem/5.félév/java/saját%20fork/epam-deik-java-dev/final/ticket-service-acceptance-tests/src/test/resources/features/rooms.feature:4)
</failure>
  </testcase>
  <testcase classname="allows creating, deleting and listing screenings" name="The admin user can create and query screenings" time="0.158">
    <failure message="The service is not running." type="java.lang.AssertionError">java.lang.AssertionError: The service is not running.
	at com.training.epam.ticketservice.at.ProcessUnderTest.verifyProcessIsRunning(ProcessUnderTest.java:92)
	at com.training.epam.ticketservice.at.ProcessUnderTest.run(ProcessUnderTest.java:37)
	at com.training.epam.ticketservice.at.GenericCliProcessStepDefs.applicationStarted(GenericCliProcessStepDefs.java:27)
	at ✽.the application is started(file:///C:/Users/olahb/Desktop/Egyetem/5.félév/java/saját%20fork/epam-deik-java-dev/final/ticket-service-acceptance-tests/src/test/resources/features/screenings.feature:3)
</failure>
  </testcase>
  <testcase classname="allows creating, deleting and listing screenings" name="The admin can not create overlapping screenings in the same room" time="0.17">
    <failure message="The service is not running." type="java.lang.AssertionError">java.lang.AssertionError: The service is not running.
	at com.training.epam.ticketservice.at.ProcessUnderTest.verifyProcessIsRunning(ProcessUnderTest.java:92)
	at com.training.epam.ticketservice.at.ProcessUnderTest.run(ProcessUnderTest.java:37)
	at com.training.epam.ticketservice.at.GenericCliProcessStepDefs.applicationStarted(GenericCliProcessStepDefs.java:27)
	at ✽.the application is started(file:///C:/Users/olahb/Desktop/Egyetem/5.félév/java/saját%20fork/epam-deik-java-dev/final/ticket-service-acceptance-tests/src/test/resources/features/screenings.feature:3)
</failure>
  </testcase>
  <testcase classname="allows creating, deleting and listing screenings" name="The admin can create overlapping screenings in different rooms" time="0.158">
    <failure message="The service is not running." type="java.lang.AssertionError">java.lang.AssertionError: The service is not running.
	at com.training.epam.ticketservice.at.ProcessUnderTest.verifyProcessIsRunning(ProcessUnderTest.java:92)
	at com.training.epam.ticketservice.at.ProcessUnderTest.run(ProcessUnderTest.java:37)
	at com.training.epam.ticketservice.at.GenericCliProcessStepDefs.applicationStarted(GenericCliProcessStepDefs.java:27)
	at ✽.the application is started(file:///C:/Users/olahb/Desktop/Egyetem/5.félév/java/saját%20fork/epam-deik-java-dev/final/ticket-service-acceptance-tests/src/test/resources/features/screenings.feature:3)
</failure>
  </testcase>
  <testcase classname="allows creating, deleting and listing screenings" name="The admin can not create screenings during a 10 minute long breaks after another screening in the same room" time="0.169">
    <failure message="The service is not running." type="java.lang.AssertionError">java.lang.AssertionError: The service is not running.
	at com.training.epam.ticketservice.at.ProcessUnderTest.verifyProcessIsRunning(ProcessUnderTest.java:92)
	at com.training.epam.ticketservice.at.ProcessUnderTest.run(ProcessUnderTest.java:37)
	at com.training.epam.ticketservice.at.GenericCliProcessStepDefs.applicationStarted(GenericCliProcessStepDefs.java:27)
	at ✽.the application is started(file:///C:/Users/olahb/Desktop/Egyetem/5.félév/java/saját%20fork/epam-deik-java-dev/final/ticket-service-acceptance-tests/src/test/resources/features/screenings.feature:3)
</failure>
  </testcase>
  <testcase classname="allows creating, deleting and listing screenings" name="The admin can create screenings even if there is a break after a screening in a different room" time="0.171">
    <failure message="The service is not running." type="java.lang.AssertionError">java.lang.AssertionError: The service is not running.
	at com.training.epam.ticketservice.at.ProcessUnderTest.verifyProcessIsRunning(ProcessUnderTest.java:92)
	at com.training.epam.ticketservice.at.ProcessUnderTest.run(ProcessUnderTest.java:37)
	at com.training.epam.ticketservice.at.GenericCliProcessStepDefs.applicationStarted(GenericCliProcessStepDefs.java:27)
	at ✽.the application is started(file:///C:/Users/olahb/Desktop/Egyetem/5.félév/java/saját%20fork/epam-deik-java-dev/final/ticket-service-acceptance-tests/src/test/resources/features/screenings.feature:3)
</failure>
  </testcase>
  <testcase classname="allows creating, deleting and listing screenings" name="The admin user can delete screenings" time="0.17">
    <failure message="The service is not running." type="java.lang.AssertionError">java.lang.AssertionError: The service is not running.
	at com.training.epam.ticketservice.at.ProcessUnderTest.verifyProcessIsRunning(ProcessUnderTest.java:92)
	at com.training.epam.ticketservice.at.ProcessUnderTest.run(ProcessUnderTest.java:37)
	at com.training.epam.ticketservice.at.GenericCliProcessStepDefs.applicationStarted(GenericCliProcessStepDefs.java:27)
	at ✽.the application is started(file:///C:/Users/olahb/Desktop/Egyetem/5.félév/java/saját%20fork/epam-deik-java-dev/final/ticket-service-acceptance-tests/src/test/resources/features/screenings.feature:3)
</failure>
  </testcase>
</testsuite>